{
  "timestamp": "2024-09-02 18:35:21.241026",
  "device_info": {
    "serial_number": "AB0APVQwUBUgOTNO",
    "model": "0",
    "git_hash": "863c597794066fa77c94828c0d2eb49614d5ebb0",
    "git_dirty": false,
    "git_timestamp": 1718648350,
    "uuid": "f98cec47-c3e2-4145-9fbd-17b94ab2b706"
  },
  "calibration": {
    "invert": false,
    "phase_invert": true,
    "poles": 14,
    "offset": [
      -1.4465049420169815,
      -1.4687198094677072,
      -1.455668502079773,
      -1.579215900949484,
      -1.4757795005248204,
      -1.4911918563408646,
      -1.585985992020604,
      -1.5676944528036598,
      -1.5312564057711846,
      -1.43358419170344,
      -1.4603699507386512,
      -1.450799133286083,
      -1.5695959339245245,
      -1.4654540286402107,
      -1.4433665577635653,
      -1.5659470365898724,
      -1.5601410324978244,
      -1.5322578628289787,
      -1.4267392182944498,
      -1.4116459490634616,
      -1.4108989650166823,
      -1.5443954390545152,
      -1.4890660679395917,
      -1.4143392788583742,
      -1.5385271229217983,
      -1.5414204016186581,
      -1.560417684632934,
      -1.471979781378604,
      -1.4247148779025325,
      -1.4245558304984547,
      -1.5467000273314306,
      -1.55978847840808,
      -1.439087560311946,
      -1.5823747737911023,
      -1.5596144770497593,
      -1.607270288294103,
      -1.547682998138004,
      -1.4989281199051796,
      -1.499909459585196,
      -1.562384935877765,
      -1.6129768036410892,
      -1.4757995266986017,
      -1.6183898343078675,
      -1.6352334505042168,
      -1.6690366722913381,
      -1.557085602043118,
      -1.4781988234979544,
      -1.5408451432274513,
      -1.5704749959289366,
      -1.6425425758698304,
      -1.4829737232889384,
      -1.5505968329368789,
      -1.5845966338998632,
      -1.6364171518252189,
      -1.565547115082944,
      -1.436309378428115,
      -1.4662552912037743,
      -1.486457068599501,
      -1.5964074886596507,
      -1.4751758872131342,
      -1.5228162847377835,
      -1.5644641722450179,
      -1.5869724936419687,
      -1.5370739469103532
    ],
    "fit_metric": 22.98996800861564
  },
  "winding_resistance": 0.04864736001695137,
  "inductance": 1.975923991813935e-05,
  "pid_dq_kp": 0.012415096593468953,
  "pid_dq_ki": 30.566037769158452,
  "torque_bw_hz": 100.0,
  "encoder_filter_bw_hz": 100.0,
  "encoder_filter_kp": 1256.6370614359173,
  "encoder_filter_ki": 394784.17604357435,
  "v_per_hz": 0.08886551940341088,
  "kv": 337.5887543492884,
  "unwrapped_position_scale": 1.0,
  "motor_position_output_sign": 1.0
}
